<?xml version="1.0" encoding="UTF-8"?>
<!-- Generated by org.testng.reporters.JUnitReportReporter -->
<testsuite hostname="DESKTOP-4209JO9" failures="0" tests="1" name="Cucumber.TestNGtestRunner" time="9.100" errors="0" timestamp="2025-08-29T22:28:42 IST" skipped="0">
  <testcase classname="Cucumber.TestNGtestRunner" name="runScenario" time="9.100"/>
</testsuite> <!-- Cucumber.TestNGtestRunner -->
