<?xml version="1.0" encoding="UTF-8"?>
<!-- Generated by org.testng.reporters.JUnitReportReporter -->
<testsuite hostname="DESKTOP-4209JO9" failures="0" tests="3" name="rahul.Tests.StandAloneorg" time="33.322" errors="0" timestamp="2025-08-29T05:10:45 IST" skipped="0">
  <testcase classname="rahul.Tests.StandAloneorg" name="Submitorder" time="13.041"/>
  <testcase classname="rahul.Tests.StandAloneorg" name="Submitorder" time="14.590"/>
  <testcase classname="rahul.Tests.StandAloneorg" name="orderhistroy" time="5.691"/>
</testsuite> <!-- rahul.Tests.StandAloneorg -->
