<?xml version="1.0" encoding="UTF-8"?>
<!-- Generated by org.testng.reporters.JUnitReportReporter -->
<testsuite hostname="DESKTOP-4209JO9" failures="0" tests="1" name="Cucumber.TestNGtestRunner" time="7.400" errors="0" timestamp="2025-08-29T22:36:46 IST" skipped="0">
  <testcase classname="Cucumber.TestNGtestRunner" name="runScenario" time="7.400"/>
</testsuite> <!-- Cucumber.TestNGtestRunner -->
